  main.cpp
E:\ProjectSpring\SpringEngine\raygizmo\include\raygizmo.h(199,24): error C7555: use of designated initializers requires at least '/std:c++20'
  (compiling source file 'main.cpp')
  
E:\ProjectSpring\SpringEngine\raygizmo\include\raygizmo.h(226,43): error C4576: a parenthesized type followed by an initializer list is a non-standard explicit type conversion syntax
  (compiling source file 'main.cpp')
  
E:\ProjectSpring\SpringEngine\raygizmo\include\raygizmo.h(227,43): error C4576: a parenthesized type followed by an initializer list is a non-standard explicit type conversion syntax
  (compiling source file 'main.cpp')
  
E:\ProjectSpring\SpringEngine\raygizmo\include\raygizmo.h(228,43): error C4576: a parenthesized type followed by an initializer list is a non-standard explicit type conversion syntax
  (compiling source file 'main.cpp')
  
E:\ProjectSpring\SpringEngine\raygizmo\include\raygizmo.h(232,13): error C4576: a parenthesized type followed by an initializer list is a non-standard explicit type conversion syntax
  (compiling source file 'main.cpp')
  
E:\ProjectSpring\SpringEngine\raygizmo\include\raygizmo.h(237,13): error C4576: a parenthesized type followed by an initializer list is a non-standard explicit type conversion syntax
  (compiling source file 'main.cpp')
  
E:\ProjectSpring\SpringEngine\raygizmo\include\raygizmo.h(242,13): error C4576: a parenthesized type followed by an initializer list is a non-standard explicit type conversion syntax
  (compiling source file 'main.cpp')
  
E:\ProjectSpring\SpringEngine\raygizmo\include\raygizmo.h(273,40): error C4576: a parenthesized type followed by an initializer list is a non-standard explicit type conversion syntax
  (compiling source file 'main.cpp')
  
E:\ProjectSpring\SpringEngine\raygizmo\include\raygizmo.h(274,40): error C4576: a parenthesized type followed by an initializer list is a non-standard explicit type conversion syntax
  (compiling source file 'main.cpp')
  
E:\ProjectSpring\SpringEngine\raygizmo\include\raygizmo.h(275,40): error C4576: a parenthesized type followed by an initializer list is a non-standard explicit type conversion syntax
  (compiling source file 'main.cpp')
  
E:\ProjectSpring\SpringEngine\raygizmo\include\raygizmo.h(286,56): error C4576: a parenthesized type followed by an initializer list is a non-standard explicit type conversion syntax
  (compiling source file 'main.cpp')
  
E:\ProjectSpring\SpringEngine\raygizmo\include\raygizmo.h(287,56): error C4576: a parenthesized type followed by an initializer list is a non-standard explicit type conversion syntax
  (compiling source file 'main.cpp')
  
E:\ProjectSpring\SpringEngine\raygizmo\include\raygizmo.h(288,56): error C4576: a parenthesized type followed by an initializer list is a non-standard explicit type conversion syntax
  (compiling source file 'main.cpp')
  
E:\ProjectSpring\SpringEngine\raygizmo\include\raygizmo.h(291,17): error C4576: a parenthesized type followed by an initializer list is a non-standard explicit type conversion syntax
  (compiling source file 'main.cpp')
  
E:\ProjectSpring\SpringEngine\raygizmo\include\raygizmo.h(293,17): error C4576: a parenthesized type followed by an initializer list is a non-standard explicit type conversion syntax
  (compiling source file 'main.cpp')
  
E:\ProjectSpring\SpringEngine\raygizmo\include\raygizmo.h(295,17): error C4576: a parenthesized type followed by an initializer list is a non-standard explicit type conversion syntax
  (compiling source file 'main.cpp')
  
E:\ProjectSpring\SpringEngine\raygizmo\include\raygizmo.h(350,19): error C2660: 'rlLoadFramebuffer': function does not take 2 arguments
  (compiling source file 'main.cpp')
      E:\ProjectSpring\SpringEngine\include\rlgl.h(762,20):
      see declaration of 'rlLoadFramebuffer'
      E:\ProjectSpring\SpringEngine\raygizmo\include\raygizmo.h(350,19):
      while trying to match the argument list '(int, int)'
  
E:\ProjectSpring\SpringEngine\raygizmo\include\raygizmo.h(424,10): error C4576: a parenthesized type followed by an initializer list is a non-standard explicit type conversion syntax
  (compiling source file 'main.cpp')
  
E:\ProjectSpring\SpringEngine\raygizmo\include\raygizmo.h(425,10): error C4576: a parenthesized type followed by an initializer list is a non-standard explicit type conversion syntax
  (compiling source file 'main.cpp')
  
E:\ProjectSpring\SpringEngine\raygizmo\include\raygizmo.h(426,10): error C4576: a parenthesized type followed by an initializer list is a non-standard explicit type conversion syntax
  (compiling source file 'main.cpp')
  
E:\ProjectSpring\SpringEngine\raygizmo\include\raygizmo.h(427,10): error C4576: a parenthesized type followed by an initializer list is a non-standard explicit type conversion syntax
  (compiling source file 'main.cpp')
  
E:\ProjectSpring\SpringEngine\raygizmo\include\raygizmo.h(428,10): error C4576: a parenthesized type followed by an initializer list is a non-standard explicit type conversion syntax
  (compiling source file 'main.cpp')
  
E:\ProjectSpring\SpringEngine\raygizmo\include\raygizmo.h(429,10): error C4576: a parenthesized type followed by an initializer list is a non-standard explicit type conversion syntax
  (compiling source file 'main.cpp')
  
E:\ProjectSpring\SpringEngine\raygizmo\include\raygizmo.h(430,10): error C4576: a parenthesized type followed by an initializer list is a non-standard explicit type conversion syntax
  (compiling source file 'main.cpp')
  
E:\ProjectSpring\SpringEngine\raygizmo\include\raygizmo.h(431,10): error C4576: a parenthesized type followed by an initializer list is a non-standard explicit type conversion syntax
  (compiling source file 'main.cpp')
  
E:\ProjectSpring\SpringEngine\raygizmo\include\raygizmo.h(432,10): error C4576: a parenthesized type followed by an initializer list is a non-standard explicit type conversion syntax
  (compiling source file 'main.cpp')
  
E:\ProjectSpring\SpringEngine\raygizmo\include\raygizmo.h(452,13): warning C4244: 'argument': conversion from 'double' to 'float', possible loss of data
  (compiling source file 'main.cpp')
  
E:\ProjectSpring\SpringEngine\raygizmo\include\raygizmo.h(470,56): error C4576: a parenthesized type followed by an initializer list is a non-standard explicit type conversion syntax
  (compiling source file 'main.cpp')
  
E:\ProjectSpring\SpringEngine\raygizmo\include\raygizmo.h(471,61): error C4576: a parenthesized type followed by an initializer list is a non-standard explicit type conversion syntax
  (compiling source file 'main.cpp')
  
E:\ProjectSpring\SpringEngine\raygizmo\include\raygizmo.h(472,35): error C4576: a parenthesized type followed by an initializer list is a non-standard explicit type conversion syntax
  (compiling source file 'main.cpp')
  
E:\ProjectSpring\SpringEngine\raygizmo\include\raygizmo.h(502,29): warning C4244: '=': conversion from 'double' to 'float', possible loss of data
  (compiling source file 'main.cpp')
  
